[debug] [2024-04-22T09:47:52.769Z] ----------------------------------------------------------------------
[debug] [2024-04-22T09:47:52.772Z] Command:       C:\Program Files\nodejs\node.exe C:\Users\USER\AppData\Roaming\npm\node_modules\firebase-tools\lib\bin\firebase.js deploy
[debug] [2024-04-22T09:47:52.772Z] CLI Version:   13.7.3
[debug] [2024-04-22T09:47:52.772Z] Platform:      win32
[debug] [2024-04-22T09:47:52.772Z] Node Version:  v20.12.2
[debug] [2024-04-22T09:47:52.772Z] Time:          Mon Apr 22 2024 18:47:52 GMT+0900 (대한민국 표준시)
[debug] [2024-04-22T09:47:52.772Z] ----------------------------------------------------------------------
[debug] 
[debug] [2024-04-22T09:47:52.820Z] > command requires scopes: ["email","openid","https://www.googleapis.com/auth/cloudplatformprojects.readonly","https://www.googleapis.com/auth/firebase","https://www.googleapis.com/auth/cloud-platform"]
[debug] [2024-04-22T09:47:52.820Z] > authorizing via signed-in user (zl6575@gmail.com)
[debug] [2024-04-22T09:47:52.820Z] [iam] checking project nhbaja-fab24 for permissions ["datastore.indexes.create","datastore.indexes.delete","datastore.indexes.list","datastore.indexes.update","firebase.projects.get","firebasehosting.sites.update"]
[debug] [2024-04-22T09:47:52.822Z] >>> [apiv2][query] POST https://cloudresourcemanager.googleapis.com/v1/projects/nhbaja-fab24:testIamPermissions [none]
[debug] [2024-04-22T09:47:52.822Z] >>> [apiv2][(partial)header] POST https://cloudresourcemanager.googleapis.com/v1/projects/nhbaja-fab24:testIamPermissions x-goog-quota-user=projects/nhbaja-fab24
[debug] [2024-04-22T09:47:52.822Z] >>> [apiv2][body] POST https://cloudresourcemanager.googleapis.com/v1/projects/nhbaja-fab24:testIamPermissions {"permissions":["datastore.indexes.create","datastore.indexes.delete","datastore.indexes.list","datastore.indexes.update","firebase.projects.get","firebasehosting.sites.update"]}
[debug] [2024-04-22T09:47:53.619Z] <<< [apiv2][status] POST https://cloudresourcemanager.googleapis.com/v1/projects/nhbaja-fab24:testIamPermissions 200
[debug] [2024-04-22T09:47:53.620Z] <<< [apiv2][body] POST https://cloudresourcemanager.googleapis.com/v1/projects/nhbaja-fab24:testIamPermissions {"permissions":["datastore.indexes.create","datastore.indexes.delete","datastore.indexes.list","datastore.indexes.update","firebase.projects.get","firebasehosting.sites.update"]}
[debug] [2024-04-22T09:47:53.621Z] >>> [apiv2][query] GET https://firebase.googleapis.com/v1beta1/projects/nhbaja-fab24 [none]
[debug] [2024-04-22T09:47:54.011Z] <<< [apiv2][status] GET https://firebase.googleapis.com/v1beta1/projects/nhbaja-fab24 200
[debug] [2024-04-22T09:47:54.011Z] <<< [apiv2][body] GET https://firebase.googleapis.com/v1beta1/projects/nhbaja-fab24 {"projectId":"nhbaja-fab24","projectNumber":"578490009559","displayName":"NHbaja","name":"projects/nhbaja-fab24","resources":{"hostingSite":"nhbaja-fab24"},"state":"ACTIVE","etag":"1_7b847383-4a78-4c78-8a54-11f8e0d6bc97"}
[info] 
[info] === Deploying to 'nhbaja-fab24'...
[info] 
[info] i  deploying firestore, hosting 
[info] i  firestore: reading indexes from firestore.indexes.json... 
[info] i  cloud.firestore: checking firestore.rules for compilation errors... 
[debug] [2024-04-22T09:47:54.018Z] >>> [apiv2][query] POST https://firebaserules.googleapis.com/v1/projects/nhbaja-fab24:test [none]
[debug] [2024-04-22T09:47:54.018Z] >>> [apiv2][body] POST https://firebaserules.googleapis.com/v1/projects/nhbaja-fab24:test [omitted]
[debug] [2024-04-22T09:47:55.169Z] <<< [apiv2][status] POST https://firebaserules.googleapis.com/v1/projects/nhbaja-fab24:test 200
[debug] [2024-04-22T09:47:55.170Z] <<< [apiv2][body] POST https://firebaserules.googleapis.com/v1/projects/nhbaja-fab24:test {}
[info] +  cloud.firestore: rules file firestore.rules compiled successfully 
[debug] [2024-04-22T09:47:55.176Z] >>> [apiv2][query] POST https://firebasehosting.googleapis.com/v1beta1/projects/-/sites/nhbaja-fab24/versions [none]
[debug] [2024-04-22T09:47:55.176Z] >>> [apiv2][body] POST https://firebasehosting.googleapis.com/v1beta1/projects/-/sites/nhbaja-fab24/versions {"status":"CREATED","labels":{"deployment-tool":"cli-firebase"}}
[debug] [2024-04-22T09:47:56.254Z] <<< [apiv2][status] POST https://firebasehosting.googleapis.com/v1beta1/projects/-/sites/nhbaja-fab24/versions 200
[debug] [2024-04-22T09:47:56.254Z] <<< [apiv2][body] POST https://firebasehosting.googleapis.com/v1beta1/projects/-/sites/nhbaja-fab24/versions {"name":"projects/578490009559/sites/nhbaja-fab24/versions/ef6b5a5d5ae68a90","status":"CREATED","config":{},"labels":{"deployment-tool":"cli-firebase"}}
[info] i  firestore: deploying indexes... 
[debug] [2024-04-22T09:48:16.221Z] >>> [apiv2][query] GET https://firebaserules.googleapis.com/v1/projects/nhbaja-fab24/releases pageSize=10&pageToken=
[debug] [2024-04-22T09:48:16.223Z] >>> [apiv2][query] GET https://firestore.googleapis.com/v1/projects/nhbaja-fab24/databases/(default)/collectionGroups/-/indexes [none]
[debug] [2024-04-22T09:48:16.361Z] <<< [apiv2][status] GET https://firestore.googleapis.com/v1/projects/nhbaja-fab24/databases/(default)/collectionGroups/-/indexes 200
[debug] [2024-04-22T09:48:16.362Z] <<< [apiv2][body] GET https://firestore.googleapis.com/v1/projects/nhbaja-fab24/databases/(default)/collectionGroups/-/indexes {}
[debug] [2024-04-22T09:48:16.362Z] >>> [apiv2][query] GET https://firestore.googleapis.com/v1/projects/nhbaja-fab24/databases/(default)/collectionGroups/-/fields?filter=indexConfig.usesAncestorConfig=false OR ttlConfig:* [none]
[debug] [2024-04-22T09:48:16.446Z] <<< [apiv2][status] GET https://firestore.googleapis.com/v1/projects/nhbaja-fab24/databases/(default)/collectionGroups/-/fields?filter=indexConfig.usesAncestorConfig=false OR ttlConfig:* 200
[debug] [2024-04-22T09:48:16.446Z] <<< [apiv2][body] GET https://firestore.googleapis.com/v1/projects/nhbaja-fab24/databases/(default)/collectionGroups/-/fields?filter=indexConfig.usesAncestorConfig=false OR ttlConfig:* {"fields":[{"name":"projects/nhbaja-fab24/databases/(default)/collectionGroups/__default__/fields/*","indexConfig":{"indexes":[{"queryScope":"COLLECTION","fields":[{"fieldPath":"*","order":"ASCENDING"}],"state":"READY"},{"queryScope":"COLLECTION","fields":[{"fieldPath":"*","order":"DESCENDING"}],"state":"READY"},{"queryScope":"COLLECTION","fields":[{"fieldPath":"*","arrayConfig":"CONTAINS"}],"state":"READY"}]}}]}
[info] +  firestore: deployed indexes in firestore.indexes.json successfully for (default) database 
[debug] [2024-04-22T09:48:17.373Z] <<< [apiv2][status] GET https://firebaserules.googleapis.com/v1/projects/nhbaja-fab24/releases 200
[debug] [2024-04-22T09:48:17.373Z] <<< [apiv2][body] GET https://firebaserules.googleapis.com/v1/projects/nhbaja-fab24/releases {"releases":[{"name":"projects/nhbaja-fab24/releases/cloud.firestore","rulesetName":"projects/nhbaja-fab24/rulesets/e708fbf5-2bd8-47ab-9cbc-79a3c4dd3e0f","createTime":"2024-04-22T06:29:14.904254Z","updateTime":"2024-04-22T09:44:58.626781Z"}]}
[debug] [2024-04-22T09:48:17.374Z] >>> [apiv2][query] GET https://firebaserules.googleapis.com/v1/projects/nhbaja-fab24/rulesets/e708fbf5-2bd8-47ab-9cbc-79a3c4dd3e0f [none]
[debug] [2024-04-22T09:48:17.665Z] <<< [apiv2][status] GET https://firebaserules.googleapis.com/v1/projects/nhbaja-fab24/rulesets/e708fbf5-2bd8-47ab-9cbc-79a3c4dd3e0f 200
[debug] [2024-04-22T09:48:17.665Z] <<< [apiv2][body] GET https://firebaserules.googleapis.com/v1/projects/nhbaja-fab24/rulesets/e708fbf5-2bd8-47ab-9cbc-79a3c4dd3e0f [omitted]
[info] i  firestore: latest version of firestore.rules already up to date, skipping upload... 
[info] i  hosting[nhbaja-fab24]: beginning deploy... 
[info] i  hosting[nhbaja-fab24]: found 26 files in build 
[debug] [2024-04-22T09:48:17.682Z] [hosting] uploading with 200 concurrency
[debug] [2024-04-22T09:48:17.847Z] [hosting] hash cache [YnVpbGQ] stored for 26 files
[debug] [2024-04-22T09:48:17.847Z] [hosting][hash queue][FINAL] {"max":157,"min":1,"avg":8.384615384615385,"active":0,"complete":26,"success":26,"errored":0,"retried":0,"total":26,"elapsed":163}
[debug] [2024-04-22T09:48:17.847Z] >>> [apiv2][query] POST https://firebasehosting.googleapis.com/v1beta1/projects/578490009559/sites/nhbaja-fab24/versions/ef6b5a5d5ae68a90:populateFiles [none]
[debug] [2024-04-22T09:48:17.847Z] >>> [apiv2][body] POST https://firebasehosting.googleapis.com/v1beta1/projects/578490009559/sites/nhbaja-fab24/versions/ef6b5a5d5ae68a90:populateFiles {"files":{"/favicon.ico":"27edce7be5922cf0bef7d4136f69b5bfbdd5bf8c13c7b026f71187d41a00aa7d","/logo.png":"c6d3151589a9c7afbb565e364750308cabc5bd950c130799e9fe10331fe71471","/logo192.png":"79e2b749561016bc8af300ea19f48347ceed3cb1a54f48ae456172eca45e08f0","/logo512.png":"212b102aa09e51b3b3e06647e81f7801a61333e171f6582e8124379aabccb41d","/manifest.json":"6853c4ed6d7fad6ada4a6e3a5a2fef0846c0af7d1b0df0a952aa5a232c7d9401","/robots.txt":"b2090cf9761ef60aa06e4fab97679bd43dfa5e5df073701ead5879d7c68f1ec5","/images/9789-burger-menu.json":"9de241006ecb0b25845a9159473373a86dfc6432c11200deeed1bdce862e599b","/images/Component 6 – 1.png":"97dd59ad0930a5149bf9e2bd3d8ab662f9247e9f5997aec39e0c80610ec3e144","/images/double-02-double.jpg":"4238010a81e7dfa26dbebccae2044f52e70914324dee8212087fe6dadb0d7268","/images/double-icon-blur.png":"6c37e2433871636da791514df92af9db92cb5ac5ac847e9316cc2193684b2c53","/images/double-icon.png":"bed2355a689b657439754d982c51ad3f1ef4e4322434fa7fc82f435265ae78cf","/images/jaws-03-Current-View.jpg":"e9ffe5228a93bb47dd0235c498a2ca8b1fea895556ce826a5bf6553921127040","/images/jaws-icon-blur.png":"1ab1462c2b2b966b9585b586c54d8eb5449669aa9921c7d344da0eff5f947429","/images/jaws-icon.png":"3fdf46fe4bb5b7d4fbe936278923409fee37e0e175ac392c3562784372fbf080","/images/logo.png":"e069da6018942af1ec5258215c3fb7f57df769e4c6271b30a456830591b33ad1","/images/magnifying-glass-browser.png":"c736f203a59bcee97306606b37aaa185d42a959c8485a10a66fa97cef47c1e22","/images/watermelon-icon-blur.png":"b574c2357432da378c29463c5fe3abf32492978df05a568dcf3cdb0faf3d4580","/images/watermelon-icon.png":"54602361d97a5ea7d68b9cd62743f375cda7588c2328d71f4c4a18d80e608130","/images/watermelon-png-watermelon.jpg":"fbc0d179622e618bba84ba66ad536ad576c3362c2bb87baba216ae23d63d4e7a","/index.html":"1c9665870cef299f005899fa31996a5cf232273ad284bbdd95b7312c7437e9ed","/static/css/main.e6c13ad2.css":"10675dc14dd390bf45eef8a0221880c7b5b9a5ac519a13bc0890261e6b1e84fa","/static/css/main.e6c13ad2.css.map":"6351340741dcff651859d16866dd7a726934e1de6d8a584cb6a312e083d28839","/static/js/main.5458dd42.js.LICENSE.txt":"afa45248981aabc539bd2554e570b4bf237d0cac6d2c78ab05adfa78c66f78ef","/asset-manifest.json":"6ae519b1185e04b090d0de482756ce877e95f71955ce3ad38bb7054b75a9c60a","/static/js/main.5458dd42.js":"1617c3e4def8fba3369b2ffeb47456311ad3be8c06e222a468980be20cf7c98e","/static/js/main.5458dd42.js.map":"0c0a97e74b51f7db31a75b13eaea06f218159a893eaa3b6d6d67be78275cb7f5"}}
[debug] [2024-04-22T09:48:18.579Z] <<< [apiv2][status] POST https://firebasehosting.googleapis.com/v1beta1/projects/578490009559/sites/nhbaja-fab24/versions/ef6b5a5d5ae68a90:populateFiles 200
[debug] [2024-04-22T09:48:18.579Z] <<< [apiv2][body] POST https://firebasehosting.googleapis.com/v1beta1/projects/578490009559/sites/nhbaja-fab24/versions/ef6b5a5d5ae68a90:populateFiles {"uploadRequiredHashes":["6ae519b1185e04b090d0de482756ce877e95f71955ce3ad38bb7054b75a9c60a","0c0a97e74b51f7db31a75b13eaea06f218159a893eaa3b6d6d67be78275cb7f5","1617c3e4def8fba3369b2ffeb47456311ad3be8c06e222a468980be20cf7c98e","1c9665870cef299f005899fa31996a5cf232273ad284bbdd95b7312c7437e9ed"],"uploadUrl":"https://upload-firebasehosting.googleapis.com/upload/sites/nhbaja-fab24/versions/ef6b5a5d5ae68a90/files"}
[debug] [2024-04-22T09:48:18.580Z] >>> [apiv2][query] POST https://upload-firebasehosting.googleapis.com/upload/sites/nhbaja-fab24/versions/ef6b5a5d5ae68a90/files/6ae519b1185e04b090d0de482756ce877e95f71955ce3ad38bb7054b75a9c60a [none]
[debug] [2024-04-22T09:48:18.581Z] >>> [apiv2][body] POST https://upload-firebasehosting.googleapis.com/upload/sites/nhbaja-fab24/versions/ef6b5a5d5ae68a90/files/6ae519b1185e04b090d0de482756ce877e95f71955ce3ad38bb7054b75a9c60a [stream]
[debug] [2024-04-22T09:48:18.582Z] >>> [apiv2][query] POST https://upload-firebasehosting.googleapis.com/upload/sites/nhbaja-fab24/versions/ef6b5a5d5ae68a90/files/0c0a97e74b51f7db31a75b13eaea06f218159a893eaa3b6d6d67be78275cb7f5 [none]
[debug] [2024-04-22T09:48:18.582Z] >>> [apiv2][body] POST https://upload-firebasehosting.googleapis.com/upload/sites/nhbaja-fab24/versions/ef6b5a5d5ae68a90/files/0c0a97e74b51f7db31a75b13eaea06f218159a893eaa3b6d6d67be78275cb7f5 [stream]
[debug] [2024-04-22T09:48:18.584Z] >>> [apiv2][query] POST https://upload-firebasehosting.googleapis.com/upload/sites/nhbaja-fab24/versions/ef6b5a5d5ae68a90/files/1617c3e4def8fba3369b2ffeb47456311ad3be8c06e222a468980be20cf7c98e [none]
[debug] [2024-04-22T09:48:18.584Z] >>> [apiv2][body] POST https://upload-firebasehosting.googleapis.com/upload/sites/nhbaja-fab24/versions/ef6b5a5d5ae68a90/files/1617c3e4def8fba3369b2ffeb47456311ad3be8c06e222a468980be20cf7c98e [stream]
[debug] [2024-04-22T09:48:18.585Z] >>> [apiv2][query] POST https://upload-firebasehosting.googleapis.com/upload/sites/nhbaja-fab24/versions/ef6b5a5d5ae68a90/files/1c9665870cef299f005899fa31996a5cf232273ad284bbdd95b7312c7437e9ed [none]
[debug] [2024-04-22T09:48:18.585Z] >>> [apiv2][body] POST https://upload-firebasehosting.googleapis.com/upload/sites/nhbaja-fab24/versions/ef6b5a5d5ae68a90/files/1c9665870cef299f005899fa31996a5cf232273ad284bbdd95b7312c7437e9ed [stream]
[debug] [2024-04-22T09:48:18.586Z] [hosting][populate queue][FINAL] {"max":735,"min":735,"avg":735,"active":0,"complete":1,"success":1,"errored":0,"retried":0,"total":1,"elapsed":741}
[debug] [2024-04-22T09:48:18.587Z] [hosting] uploads queued: 4
[debug] [2024-04-22T09:48:19.740Z] <<< [apiv2][status] POST https://upload-firebasehosting.googleapis.com/upload/sites/nhbaja-fab24/versions/ef6b5a5d5ae68a90/files/6ae519b1185e04b090d0de482756ce877e95f71955ce3ad38bb7054b75a9c60a 200
[debug] [2024-04-22T09:48:19.740Z] <<< [apiv2][body] POST https://upload-firebasehosting.googleapis.com/upload/sites/nhbaja-fab24/versions/ef6b5a5d5ae68a90/files/6ae519b1185e04b090d0de482756ce877e95f71955ce3ad38bb7054b75a9c60a [stream]
[debug] [2024-04-22T09:48:19.961Z] <<< [apiv2][status] POST https://upload-firebasehosting.googleapis.com/upload/sites/nhbaja-fab24/versions/ef6b5a5d5ae68a90/files/1617c3e4def8fba3369b2ffeb47456311ad3be8c06e222a468980be20cf7c98e 200
[debug] [2024-04-22T09:48:19.961Z] <<< [apiv2][body] POST https://upload-firebasehosting.googleapis.com/upload/sites/nhbaja-fab24/versions/ef6b5a5d5ae68a90/files/1617c3e4def8fba3369b2ffeb47456311ad3be8c06e222a468980be20cf7c98e [stream]
[debug] [2024-04-22T09:48:20.392Z] <<< [apiv2][status] POST https://upload-firebasehosting.googleapis.com/upload/sites/nhbaja-fab24/versions/ef6b5a5d5ae68a90/files/0c0a97e74b51f7db31a75b13eaea06f218159a893eaa3b6d6d67be78275cb7f5 200
[debug] [2024-04-22T09:48:20.393Z] <<< [apiv2][body] POST https://upload-firebasehosting.googleapis.com/upload/sites/nhbaja-fab24/versions/ef6b5a5d5ae68a90/files/0c0a97e74b51f7db31a75b13eaea06f218159a893eaa3b6d6d67be78275cb7f5 [stream]
[debug] [2024-04-22T09:48:21.031Z] <<< [apiv2][status] POST https://upload-firebasehosting.googleapis.com/upload/sites/nhbaja-fab24/versions/ef6b5a5d5ae68a90/files/1c9665870cef299f005899fa31996a5cf232273ad284bbdd95b7312c7437e9ed 200
[debug] [2024-04-22T09:48:21.032Z] <<< [apiv2][body] POST https://upload-firebasehosting.googleapis.com/upload/sites/nhbaja-fab24/versions/ef6b5a5d5ae68a90/files/1c9665870cef299f005899fa31996a5cf232273ad284bbdd95b7312c7437e9ed [stream]
[debug] [2024-04-22T09:48:21.033Z] [hosting][upload queue][FINAL] {"max":2453,"min":1161,"avg":1702,"active":0,"complete":4,"success":4,"errored":0,"retried":0,"total":4,"elapsed":2454}
[info] +  hosting[nhbaja-fab24]: file upload complete 
[debug] [2024-04-22T09:48:21.035Z] [hosting] deploy completed after 3365ms
[debug] [2024-04-22T09:48:21.036Z] [rules] releasing cloud.firestore/(default) with ruleset projects/nhbaja-fab24/rulesets/e708fbf5-2bd8-47ab-9cbc-79a3c4dd3e0f
[debug] [2024-04-22T09:48:21.036Z] >>> [apiv2][query] PATCH https://firebaserules.googleapis.com/v1/projects/nhbaja-fab24/releases/cloud.firestore/(default) [none]
[debug] [2024-04-22T09:48:21.036Z] >>> [apiv2][body] PATCH https://firebaserules.googleapis.com/v1/projects/nhbaja-fab24/releases/cloud.firestore/(default) {"release":{"name":"projects/nhbaja-fab24/releases/cloud.firestore/(default)","rulesetName":"projects/nhbaja-fab24/rulesets/e708fbf5-2bd8-47ab-9cbc-79a3c4dd3e0f"}}
[debug] [2024-04-22T09:48:22.207Z] <<< [apiv2][status] PATCH https://firebaserules.googleapis.com/v1/projects/nhbaja-fab24/releases/cloud.firestore/(default) 200
[debug] [2024-04-22T09:48:22.207Z] <<< [apiv2][body] PATCH https://firebaserules.googleapis.com/v1/projects/nhbaja-fab24/releases/cloud.firestore/(default) {"name":"projects/nhbaja-fab24/releases/cloud.firestore","rulesetName":"projects/nhbaja-fab24/rulesets/e708fbf5-2bd8-47ab-9cbc-79a3c4dd3e0f","createTime":"2024-04-22T06:29:14.904254Z","updateTime":"2024-04-22T09:48:17.477755Z"}
[debug] [2024-04-22T09:48:22.207Z] [rules] updated release projects/nhbaja-fab24/releases/cloud.firestore
[info] +  firestore: released rules firestore.rules to cloud.firestore 
[debug] [2024-04-22T09:48:22.208Z] [
  {
    "config": {
      "public": "build",
      "ignore": [
        "firebase.json",
        "**/.*",
        "**/node_modules/**"
      ],
      "site": "nhbaja-fab24"
    },
    "version": "projects/578490009559/sites/nhbaja-fab24/versions/ef6b5a5d5ae68a90"
  }
]
[info] i  hosting[nhbaja-fab24]: finalizing version... 
[debug] [2024-04-22T09:48:22.211Z] >>> [apiv2][query] PATCH https://firebasehosting.googleapis.com/v1beta1/projects/-/sites/nhbaja-fab24/versions/ef6b5a5d5ae68a90 updateMask=status%2Cconfig
[debug] [2024-04-22T09:48:22.212Z] >>> [apiv2][body] PATCH https://firebasehosting.googleapis.com/v1beta1/projects/-/sites/nhbaja-fab24/versions/ef6b5a5d5ae68a90 {"status":"FINALIZED","config":{}}
[debug] [2024-04-22T09:48:22.860Z] <<< [apiv2][status] PATCH https://firebasehosting.googleapis.com/v1beta1/projects/-/sites/nhbaja-fab24/versions/ef6b5a5d5ae68a90 200
[debug] [2024-04-22T09:48:22.860Z] <<< [apiv2][body] PATCH https://firebasehosting.googleapis.com/v1beta1/projects/-/sites/nhbaja-fab24/versions/ef6b5a5d5ae68a90 {"name":"projects/578490009559/sites/nhbaja-fab24/versions/ef6b5a5d5ae68a90","status":"FINALIZED","config":{},"labels":{"deployment-tool":"cli-firebase"},"createTime":"2024-04-22T09:47:51.247158Z","createUser":{"email":"zl6575@gmail.com"},"finalizeTime":"2024-04-22T09:48:18.108577Z","finalizeUser":{"email":"zl6575@gmail.com"}}
[debug] [2024-04-22T09:48:22.860Z] [hosting] finalized version for nhbaja-fab24:[object Object]
[info] +  hosting[nhbaja-fab24]: version finalized 
[info] i  hosting[nhbaja-fab24]: releasing new version... 
[debug] [2024-04-22T09:48:22.862Z] >>> [apiv2][query] POST https://firebasehosting.googleapis.com/v1beta1/projects/-/sites/nhbaja-fab24/channels/live/releases versionName=projects%2F578490009559%2Fsites%2Fnhbaja-fab24%2Fversions%2Fef6b5a5d5ae68a90
[debug] [2024-04-22T09:48:22.862Z] >>> [apiv2][body] POST https://firebasehosting.googleapis.com/v1beta1/projects/-/sites/nhbaja-fab24/channels/live/releases {}
[debug] [2024-04-22T09:48:23.502Z] <<< [apiv2][status] POST https://firebasehosting.googleapis.com/v1beta1/projects/-/sites/nhbaja-fab24/channels/live/releases 200
[debug] [2024-04-22T09:48:23.502Z] <<< [apiv2][body] POST https://firebasehosting.googleapis.com/v1beta1/projects/-/sites/nhbaja-fab24/channels/live/releases {"name":"projects/578490009559/sites/nhbaja-fab24/channels/live/releases/1713779298155000","version":{"name":"projects/578490009559/sites/nhbaja-fab24/versions/ef6b5a5d5ae68a90","status":"FINALIZED","config":{},"labels":{"deployment-tool":"cli-firebase"},"createTime":"2024-04-22T09:47:51.247158Z","createUser":{"email":"zl6575@gmail.com","imageUrl":"https://lh3.googleusercontent.com/a/ACg8ocIe0CkVfohbXiiUhyYfiS-Y45yh5MWJ7LjTrlWl_ShNf-0PfHM=mo"},"finalizeTime":"2024-04-22T09:48:18.108577Z","finalizeUser":{"email":"zl6575@gmail.com","imageUrl":"https://lh3.googleusercontent.com/a/ACg8ocIe0CkVfohbXiiUhyYfiS-Y45yh5MWJ7LjTrlWl_ShNf-0PfHM=mo"}},"type":"DEPLOY","releaseTime":"2024-04-22T09:48:18.155Z","releaseUser":{"email":"zl6575@gmail.com","imageUrl":"https://lh3.googleusercontent.com/a/ACg8ocIe0CkVfohbXiiUhyYfiS-Y45yh5MWJ7LjTrlWl_ShNf-0PfHM=mo"}}
[debug] [2024-04-22T09:48:23.502Z] [hosting] release: {"name":"projects/578490009559/sites/nhbaja-fab24/channels/live/releases/1713779298155000","version":{"name":"projects/578490009559/sites/nhbaja-fab24/versions/ef6b5a5d5ae68a90","status":"FINALIZED","config":{},"labels":{"deployment-tool":"cli-firebase"},"createTime":"2024-04-22T09:47:51.247158Z","createUser":{"email":"zl6575@gmail.com","imageUrl":"https://lh3.googleusercontent.com/a/ACg8ocIe0CkVfohbXiiUhyYfiS-Y45yh5MWJ7LjTrlWl_ShNf-0PfHM=mo"},"finalizeTime":"2024-04-22T09:48:18.108577Z","finalizeUser":{"email":"zl6575@gmail.com","imageUrl":"https://lh3.googleusercontent.com/a/ACg8ocIe0CkVfohbXiiUhyYfiS-Y45yh5MWJ7LjTrlWl_ShNf-0PfHM=mo"}},"type":"DEPLOY","releaseTime":"2024-04-22T09:48:18.155Z","releaseUser":{"email":"zl6575@gmail.com","imageUrl":"https://lh3.googleusercontent.com/a/ACg8ocIe0CkVfohbXiiUhyYfiS-Y45yh5MWJ7LjTrlWl_ShNf-0PfHM=mo"}}
[info] +  hosting[nhbaja-fab24]: release complete 
[info] 
[info] +  Deploy complete! 
[info] 
[info] Project Console: https://console.firebase.google.com/project/nhbaja-fab24/overview
[info] Hosting URL: https://nhbaja-fab24.web.app
[debug] [2024-04-22T09:48:54.566Z] Error: Timed out.
    at Timeout._onTimeout (C:\Users\USER\AppData\Roaming\npm\node_modules\firebase-tools\lib\utils.js:261:49)
    at listOnTimeout (node:internal/timers:573:17)
    at process.processTimers (node:internal/timers:514:7)
[error] 
[error] Error: An unexpected error has occurred.
